Determining if the pthread_create exist failed with the following output:
Change Dir: /home/rui/files/CLionProjects/ffmpeg_exmaple/cmake-build-debug/CMakeFiles/CMakeTmp

Run Build Command:"/usr/bin/make" "cmTC_fc52d/fast"
/usr/bin/make -f CMakeFiles/cmTC_fc52d.dir/build.make CMakeFiles/cmTC_fc52d.dir/build
make[1]: Entering directory '/home/rui/files/CLionProjects/ffmpeg_exmaple/cmake-build-debug/CMakeFiles/CMakeTmp'
Building C object CMakeFiles/cmTC_fc52d.dir/CheckSymbolExists.c.o
/usr/bin/cc    -o CMakeFiles/cmTC_fc52d.dir/CheckSymbolExists.c.o   -c /home/rui/files/CLionProjects/ffmpeg_exmaple/cmake-build-debug/CMakeFiles/CMakeTmp/CheckSymbolExists.c
Linking C executable cmTC_fc52d
/home/rui/softs/clion-2018.3.4/bin/cmake/linux/bin/cmake -E cmake_link_script CMakeFiles/cmTC_fc52d.dir/link.txt --verbose=1
/usr/bin/cc      CMakeFiles/cmTC_fc52d.dir/CheckSymbolExists.c.o  -o cmTC_fc52d 
CMakeFiles/cmTC_fc52d.dir/CheckSymbolExists.c.o: In function `main':
CheckSymbolExists.c:(.text+0x1b): undefined reference to `pthread_create'
collect2: error: ld returned 1 exit status
CMakeFiles/cmTC_fc52d.dir/build.make:86: recipe for target 'cmTC_fc52d' failed
make[1]: *** [cmTC_fc52d] Error 1
make[1]: Leaving directory '/home/rui/files/CLionProjects/ffmpeg_exmaple/cmake-build-debug/CMakeFiles/CMakeTmp'
Makefile:121: recipe for target 'cmTC_fc52d/fast' failed
make: *** [cmTC_fc52d/fast] Error 2

File /home/rui/files/CLionProjects/ffmpeg_exmaple/cmake-build-debug/CMakeFiles/CMakeTmp/CheckSymbolExists.c:
/* */
#include <pthread.h>

int main(int argc, char** argv)
{
  (void)argv;
#ifndef pthread_create
  return ((int*)(&pthread_create))[argc];
#else
  (void)argc;
  return 0;
#endif
}

Determining if the function pthread_create exists in the pthreads failed with the following output:
Change Dir: /home/rui/files/CLionProjects/ffmpeg_exmaple/cmake-build-debug/CMakeFiles/CMakeTmp

Run Build Command:"/usr/bin/make" "cmTC_c10a5/fast"
/usr/bin/make -f CMakeFiles/cmTC_c10a5.dir/build.make CMakeFiles/cmTC_c10a5.dir/build
make[1]: Entering directory '/home/rui/files/CLionProjects/ffmpeg_exmaple/cmake-build-debug/CMakeFiles/CMakeTmp'
Building C object CMakeFiles/cmTC_c10a5.dir/CheckFunctionExists.c.o
/usr/bin/cc   -DCHECK_FUNCTION_EXISTS=pthread_create   -o CMakeFiles/cmTC_c10a5.dir/CheckFunctionExists.c.o   -c /home/rui/softs/clion-2018.3.4/bin/cmake/linux/share/cmake-3.13/Modules/CheckFunctionExists.c
Linking C executable cmTC_c10a5
/home/rui/softs/clion-2018.3.4/bin/cmake/linux/bin/cmake -E cmake_link_script CMakeFiles/cmTC_c10a5.dir/link.txt --verbose=1
/usr/bin/cc  -DCHECK_FUNCTION_EXISTS=pthread_create    CMakeFiles/cmTC_c10a5.dir/CheckFunctionExists.c.o  -o cmTC_c10a5 -lpthreads 
/usr/bin/ld: cannot find -lpthreads
collect2: error: ld returned 1 exit status
CMakeFiles/cmTC_c10a5.dir/build.make:86: recipe for target 'cmTC_c10a5' failed
make[1]: *** [cmTC_c10a5] Error 1
make[1]: Leaving directory '/home/rui/files/CLionProjects/ffmpeg_exmaple/cmake-build-debug/CMakeFiles/CMakeTmp'
Makefile:121: recipe for target 'cmTC_c10a5/fast' failed
make: *** [cmTC_c10a5/fast] Error 2


